

 ETABS Ultimate 64-bit 19.1.0 Build 2420 (Analysis Build 9853/64)
 File: E:\Archivos_Jaret\Mis_m...delo_ETABS_4_stories\Modelo_ETABS_4_stories.LOG




 B E G I N   A N A L Y S I S                                2024/02/22  14:33:52


 RUNNING ANALYSIS AS A SEPARATE PROCESS
 USING THE ADVANCED SOLVER (PROVIDES LIMITED INSTABILITY INFORMATION)

 NUMBER OF JOINTS                          =          36
    WITH RESTRAINTS                        =           4
    WITH MASS                              =          36
 NUMBER OF FRAME/TENDON ELEMENTS           =          96
 NUMBER OF LOAD PATTERNS                   =           3
 NUMBER OF ACCELERATION LOADS              =           9
 NUMBER OF LOAD CASES                      =           4

 ADDRESSABLE PHYSICAL MEMORY (RAM)         =       7.933 GB

 PARALLELIZATION OF ANALYSIS OPERATIONS:
  (Env. variable SAPFIRE_NUM_THREADS not set)
 NUMBER OF THREADS: STATE (AUTOMATIC)      =           6
 NUMBER OF THREADS: STIFFNESS (AUTOMATIC)  =           6
 NUMBER OF THREADS: EVENT (AUTOMATIC)      =           6
 NUMBER OF THREADS: MOVE (AUTOMATIC)       =           6
 NUMBER OF THREADS: RESPONSE (AUTOMATIC)   =           6
 NUMBER OF THREADS: SOLVE (AUTOMATIC)      =           6
 NUMBER OF THREADS: FORM (AUTOMATIC)       =           6


 E L E M E N T   F O R M A T I O N                                      14:33:52



 L I N E A R   E Q U A T I O N   S O L U T I O N                        14:33:52

 FORMING STIFFNESS AT ZERO (UNSTRESSED) INITIAL CONDITIONS

 TOTAL NUMBER OF EQUILIBRIUM EQUATIONS     =         204
 NUMBER OF NON-ZERO STIFFNESS TERMS        =        3936

 ---------------------------------
 BASIC STABILITY CHECK FOR LINEAR LOAD CASES:
    NUMBER OF NEGATIVE STIFFNESS EIGENVALUES SHOULD BE ZERO FOR STABILITY.
    (NOTE: FURTHER CHECKS SHOULD BE CONSIDERED AS DEEMED NECESSARY,
     SUCH AS REVIEWING EIGEN MODES FOR MECHANISMS AND RIGID-BODY MOTION)

    NUMBER OF NEGATIVE EIGENVALUES         =           0,  OK.
 ---------------------------------


 L I N E A R   S T A T I C   C A S E S                                  14:33:52

 USING STIFFNESS AT ZERO (UNSTRESSED) INITIAL CONDITIONS

 TOTAL NUMBER OF CASES TO SOLVE            =           3
 NUMBER OF CASES TO SOLVE PER BLOCK        =           3

 LINEAR STATIC CASES TO BE SOLVED:

 CASE: DEAD
 CASE: LIVE
 CASE: ~LLRF


 E I G E N   M O D A L   A N A L Y S I S                                14:33:52

 CASE: MODAL

 USING STIFFNESS AT ZERO (UNSTRESSED) INITIAL CONDITIONS

 NUMBER OF STIFFNESS DEGREES OF FREEDOM    =         204
 NUMBER OF MASS DEGREES OF FREEDOM         =          96
 MAXIMUM NUMBER OF EIGEN MODES SOUGHT      =          12
 MINIMUM NUMBER OF EIGEN MODES SOUGHT      =           1
 NUMBER OF RESIDUAL-MASS MODES SOUGHT      =           0
 NUMBER OF SUBSPACE VECTORS USED           =          24
 RELATIVE CONVERGENCE TOLERANCE            =    1.00E-09

 FREQUENCY SHIFT  (CENTER) (CYC/TIME)      =     .000000
 FREQUENCY CUTOFF (RADIUS) (CYC/TIME)      =  -INFINITY-
 ALLOW AUTOMATIC FREQUENCY SHIFTING        =         YES


 Original stiffness at shift : EV= 0.0000000E+00, f=     .000000, T=  -INFINITY-
 Number of eigenvalues below shift =      0

 Iteration    Approximations to next 5 eigenvalues, from shift EV= 0.0000000E+00
       3   5.9514320E+03 5.9514324E+03 1.5489715E+04 2.2951088E+04 2.2951553E+04
       5   5.9514319E+03 5.9514319E+03 1.5489655E+04 2.2950599E+04 2.2950599E+04

 Found mode      1 of     12:  EV= 5.9514319E+03, f=   12.278092, T=    0.081446
 Found mode      2 of     12:  EV= 5.9514319E+03, f=   12.278092, T=    0.081446

 Iteration    Approximations to next 5 eigenvalues, from shift EV= 0.0000000E+00
       6   1.5489655E+04 2.2950599E+04 2.2950599E+04 3.1140234E+04 3.4684875E+04

 Found mode      3 of     12:  EV= 1.5489655E+04, f=   19.808017, T=    0.050485

 Iteration    Approximations to next 5 eigenvalues, from shift EV= 0.0000000E+00
       7   2.2950599E+04 2.2950599E+04 3.1140234E+04 3.4684875E+04 3.6960360E+04

 Found mode      4 of     12:  EV= 2.2950599E+04, f=   24.111107, T=    0.041475
 Found mode      5 of     12:  EV= 2.2950599E+04, f=   24.111107, T=    0.041475
 Found mode      6 of     12:  EV= 3.1140234E+04, f=   28.085429, T=    0.035606

 Iteration    Approximations to next 5 eigenvalues, from shift EV= 0.0000000E+00
       8   3.4684875E+04 3.6960360E+04 3.6960360E+04 3.7083575E+04 3.9439571E+04

 Found mode      7 of     12:  EV= 3.4684875E+04, f=   29.640819, T=    0.033737
 Found mode      8 of     12:  EV= 3.6960360E+04, f=   30.597661, T=    0.032682
 Found mode      9 of     12:  EV= 3.6960360E+04, f=   30.597661, T=    0.032682
 Found mode     10 of     12:  EV= 3.7083575E+04, f=   30.648620, T=    0.032628
 Found mode     11 of     12:  EV= 3.9439571E+04, f=   31.607215, T=    0.031638

 Iteration    Approximations to next 5 eigenvalues, from shift EV= 0.0000000E+00
       9   4.4260576E+04 6.2837743E+04 6.5715916E+04 6.5715917E+04 9.9839637E+04

 Found mode     12 of     12:  EV= 4.4260576E+04, f=   33.483331, T=    0.029866

 NUMBER OF EIGEN MODES FOUND               =          12
 NUMBER OF ITERATIONS PERFORMED            =           9
 NUMBER OF STIFFNESS SHIFTS                =           0


 A N A L Y S I S   C O M P L E T E                          2024/02/22  14:33:52
